{"C:\\Users\\cice\\Gonzalo\\tests\\tests-jest\\component.js": {"path":"C:\\Users\\cice\\Gonzalo\\tests\\tests-jest\\component.js","statementMap":{"0":{"start":{"line":1,"column":0},"end":{"line":3,"column":1}},"1":{"start":{"line":2,"column":4},"end":{"line":2,"column":21}}},"fnMap":{"0":{"name":"sumaDos","decl":{"start":{"line":1,"column":26},"end":{"line":1,"column":33}},"loc":{"start":{"line":1,"column":41},"end":{"line":3,"column":1}},"line":1}},"branchMap":{},"s":{"0":1,"1":1},"f":{"0":1},"b":{},"_coverageSchema":"43e27e138ebf9cfc5966b082cf9a028302ed4184","hash":"e4604f610bbe20280064eebde114ca5acc07b888"}
,"C:\\Users\\cice\\Gonzalo\\tests\\tests-jest\\other-component.js": {"path":"C:\\Users\\cice\\Gonzalo\\tests\\tests-jest\\other-component.js","statementMap":{"0":{"start":{"line":1,"column":0},"end":{"line":3,"column":1}},"1":{"start":{"line":2,"column":4},"end":{"line":2,"column":19}}},"fnMap":{"0":{"name":"divideByTwo","decl":{"start":{"line":1,"column":26},"end":{"line":1,"column":37}},"loc":{"start":{"line":1,"column":43},"end":{"line":3,"column":1}},"line":1}},"branchMap":{},"s":{"0":1,"1":1},"f":{"0":1},"b":{},"_coverageSchema":"43e27e138ebf9cfc5966b082cf9a028302ed4184","hash":"2e6342f0186f7c964236d65b5117262509001847"}
}
